Express app started on port 3000 with environment development
[90mGET / [32m200 [90m29ms[0m
[90mGET /lib/bootstrap/css/bootstrap.css [33m404 [90m9ms - 169b[0m
[90mGET /lib/bootstrap/css/bootstrap-responsive.css [33m404 [90m4ms - 169b[0m
[90mGET /style/main.css [33m404 [90m3ms - 169b[0m
[90mGET /lib/bootstrap/js/bootstrap.js [33m404 [90m3ms - 169b[0m
[90mGET / [36m304 [90m3ms[0m
[90mGET /lib/bootstrap/css/bootstrap.css [33m404 [90m2ms - 169b[0m
[90mGET /lib/bootstrap/css/bootstrap-responsive.css [33m404 [90m5ms - 169b[0m
[90mGET /style/main.css [33m404 [90m8ms - 169b[0m
[90mGET /lib/bootstrap/js/bootstrap.js [33m404 [90m6ms - 169b[0m
[90mGET / [36m304 [90m4ms[0m
[90mGET /lib/bootstrap/css/bootstrap.css [33m404 [90m12ms - 169b[0m
[90mGET /style/main.css [33m404 [90m7ms - 169b[0m
[90mGET /lib/bootstrap/js/bootstrap.js [33m404 [90m5ms - 169b[0m
[90mGET /lib/bootstrap/css/bootstrap-responsive.css [33m404 [90m11ms - 169b[0m
[90mGET / [36m304 [90m5ms[0m
[90mGET /lib/bootstrap/css/bootstrap.css [33m404 [90m6ms - 169b[0m
[90mGET /lib/bootstrap/css/bootstrap-responsive.css [33m404 [90m6ms - 169b[0m
[90mGET /style/main.css [33m404 [90m5ms - 169b[0m
[90mGET /lib/bootstrap/js/bootstrap.js [33m404 [90m5ms - 169b[0m
